# JRE version: Java(TM) SE Runtime Environment (7.0_80-b15) (build 1.7.0_80-b15)
# Java VM: Java HotSpot(TM) Server VM (24.80-b11 mixed mode linux-x86 )
Heap
 PSYoungGen      total 17664K, used 8473K [0x9fd80000, 0xa1100000, 0xb3500000)
  eden space 15360K, 40% used [0x9fd80000,0xa0388698,0xa0c80000)
  from space 2304K, 99% used [0xa0ec0000,0xa10fe080,0xa1100000)
  to   space 2304K, 0% used [0xa0c80000,0xa0c80000,0xa0ec0000)
 ParOldGen       total 39680K, used 1883K [0x78f00000, 0x7b5c0000, 0x9fd80000)
  object space 39680K, 4% used [0x78f00000,0x790d6c50,0x7b5c0000)
 PSPermGen       total 16384K, used 13905K [0x74f00000, 0x75f00000, 0x78f00000)
  object space 16384K, 84% used [0x74f00000,0x75c94730,0x75f00000)
GC Heap History (4 events):
Event: 1.500 GC heap before
{Heap before GC invocations=1 (full 0):
 PSYoungGen      total 17664K, used 15360K [0x9fd80000, 0xa1100000, 0xb3500000)
  eden space 15360K, 100% used [0x9fd80000,0xa0c80000,0xa0c80000)
  from space 2304K, 0% used [0xa0ec0000,0xa0ec0000,0xa1100000)
  to   space 2304K, 0% used [0xa0c80000,0xa0c80000,0xa0ec0000)
 ParOldGen       total 39680K, used 0K [0x78f00000, 0x7b5c0000, 0x9fd80000)
  object space 39680K, 0% used [0x78f00000,0x78f00000,0x7b5c0000)
 PSPermGen       total 16384K, used 7447K [0x74f00000, 0x75f00000, 0x78f00000)
  object space 16384K, 45% used [0x74f00000,0x75645da8,0x75f00000)
Event: 1.506 GC heap after
Heap after GC invocations=1 (full 0):
 PSYoungGen      total 17664K, used 2292K [0x9fd80000, 0xa1100000, 0xb3500000)
  eden space 15360K, 0% used [0x9fd80000,0x9fd80000,0xa0c80000)
  from space 2304K, 99% used [0xa0c80000,0xa0ebd270,0xa0ec0000)
  to   space 2304K, 0% used [0xa0ec0000,0xa0ec0000,0xa1100000)
 ParOldGen       total 39680K, used 354K [0x78f00000, 0x7b5c0000, 0x9fd80000)
  object space 39680K, 0% used [0x78f00000,0x78f58a20,0x7b5c0000)
 PSPermGen       total 16384K, used 7447K [0x74f00000, 0x75f00000, 0x78f00000)
  object space 16384K, 45% used [0x74f00000,0x75645da8,0x75f00000)
}
Event: 2.791 GC heap before
{Heap before GC invocations=2 (full 0):
 PSYoungGen      total 17664K, used 17652K [0x9fd80000, 0xa1100000, 0xb3500000)
  eden space 15360K, 100% used [0x9fd80000,0xa0c80000,0xa0c80000)
  from space 2304K, 99% used [0xa0c80000,0xa0ebd270,0xa0ec0000)
  to   space 2304K, 0% used [0xa0ec0000,0xa0ec0000,0xa1100000)
 ParOldGen       total 39680K, used 354K [0x78f00000, 0x7b5c0000, 0x9fd80000)
  object space 39680K, 0% used [0x78f00000,0x78f58a20,0x7b5c0000)
 PSPermGen       total 16384K, used 13387K [0x74f00000, 0x75f00000, 0x78f00000)
  object space 16384K, 81% used [0x74f00000,0x75c12cb0,0x75f00000)
Event: 2.797 GC heap after
Heap after GC invocations=2 (full 0):
 PSYoungGen      total 17664K, used 2296K [0x9fd80000, 0xa1100000, 0xb3500000)
  eden space 15360K, 0% used [0x9fd80000,0x9fd80000,0xa0c80000)
  from space 2304K, 99% used [0xa0ec0000,0xa10fe080,0xa1100000)
  to   space 2304K, 0% used [0xa0c80000,0xa0c80000,0xa0ec0000)
 ParOldGen       total 39680K, used 1883K [0x78f00000, 0x7b5c0000, 0x9fd80000)
  object space 39680K, 4% used [0x78f00000,0x790d6c50,0x7b5c0000)
 PSPermGen       total 16384K, used 13387K [0x74f00000, 0x75f00000, 0x78f00000)
  object space 16384K, 81% used [0x74f00000,0x75c12cb0,0x75f00000)
}

