# JRE version: Java(TM) SE Runtime Environment (7.0_80-b15) (build 1.7.0_80-b15)
# Java VM: Java HotSpot(TM) Server VM (24.80-b11 mixed mode linux-x86 )
Heap
 PSYoungGen      total 33024K, used 9231K [0x9fdc0000, 0xa2040000, 0xb3540000)
  eden space 30720K, 22% used [0x9fdc0000,0xa0487b60,0xa1bc0000)
  from space 2304K, 99% used [0xa1e00000,0xa203c388,0xa2040000)
  to   space 2304K, 0% used [0xa1bc0000,0xa1bc0000,0xa1e00000)
 ParOldGen       total 39680K, used 1687K [0x78f40000, 0x7b600000, 0x9fdc0000)
  object space 39680K, 4% used [0x78f40000,0x790e5d08,0x7b600000)
 PSPermGen       total 16384K, used 14020K [0x74f40000, 0x75f40000, 0x78f40000)
  object space 16384K, 85% used [0x74f40000,0x75cf1390,0x75f40000)
GC Heap History (4 events):
Event: 0.567 GC heap before
{Heap before GC invocations=1 (full 0):
 PSYoungGen      total 17664K, used 15360K [0x9fdc0000, 0xa1140000, 0xb3540000)
  eden space 15360K, 100% used [0x9fdc0000,0xa0cc0000,0xa0cc0000)
  from space 2304K, 0% used [0xa0f00000,0xa0f00000,0xa1140000)
  to   space 2304K, 0% used [0xa0cc0000,0xa0cc0000,0xa0f00000)
 ParOldGen       total 39680K, used 0K [0x78f40000, 0x7b600000, 0x9fdc0000)
  object space 39680K, 0% used [0x78f40000,0x78f40000,0x7b600000)
 PSPermGen       total 16384K, used 7480K [0x74f40000, 0x75f40000, 0x78f40000)
  object space 16384K, 45% used [0x74f40000,0x7568e2b0,0x75f40000)
Event: 0.577 GC heap after
Heap after GC invocations=1 (full 0):
 PSYoungGen      total 17664K, used 2298K [0x9fdc0000, 0xa2040000, 0xb3540000)
  eden space 15360K, 0% used [0x9fdc0000,0x9fdc0000,0xa0cc0000)
  from space 2304K, 99% used [0xa0cc0000,0xa0efeb70,0xa0f00000)
  to   space 2304K, 0% used [0xa1e00000,0xa1e00000,0xa2040000)
 ParOldGen       total 39680K, used 189K [0x78f40000, 0x7b600000, 0x9fdc0000)
  object space 39680K, 0% used [0x78f40000,0x78f6f4b8,0x7b600000)
 PSPermGen       total 16384K, used 7480K [0x74f40000, 0x75f40000, 0x78f40000)
  object space 16384K, 45% used [0x74f40000,0x7568e2b0,0x75f40000)
}
Event: 1.173 GC heap before
{Heap before GC invocations=2 (full 0):
 PSYoungGen      total 17664K, used 17658K [0x9fdc0000, 0xa2040000, 0xb3540000)
  eden space 15360K, 100% used [0x9fdc0000,0xa0cc0000,0xa0cc0000)
  from space 2304K, 99% used [0xa0cc0000,0xa0efeb70,0xa0f00000)
  to   space 2304K, 0% used [0xa1e00000,0xa1e00000,0xa2040000)
 ParOldGen       total 39680K, used 189K [0x78f40000, 0x7b600000, 0x9fdc0000)
  object space 39680K, 0% used [0x78f40000,0x78f6f4b8,0x7b600000)
 PSPermGen       total 16384K, used 13423K [0x74f40000, 0x75f40000, 0x78f40000)
  object space 16384K, 81% used [0x74f40000,0x75c5bd60,0x75f40000)
Event: 1.185 GC heap after
Heap after GC invocations=2 (full 0):
 PSYoungGen      total 33024K, used 2288K [0x9fdc0000, 0xa2040000, 0xb3540000)
  eden space 30720K, 0% used [0x9fdc0000,0x9fdc0000,0xa1bc0000)
  from space 2304K, 99% used [0xa1e00000,0xa203c388,0xa2040000)
  to   space 2304K, 0% used [0xa1bc0000,0xa1bc0000,0xa1e00000)
 ParOldGen       total 39680K, used 1687K [0x78f40000, 0x7b600000, 0x9fdc0000)
  object space 39680K, 4% used [0x78f40000,0x790e5d08,0x7b600000)
 PSPermGen       total 16384K, used 13423K [0x74f40000, 0x75f40000, 0x78f40000)
  object space 16384K, 81% used [0x74f40000,0x75c5bd60,0x75f40000)
}

